Entered main
Instantiated Service Application
Instantiated Service ErrorHandler
Instantiated Service Application
Instantiated Service Paths
Qt Library paths:
/usr/lib/kde4/plugins
/usr/lib/i386-linux-gnu/qt4/plugins
/usr/lib/qt4/plugins
/home/jonas/apex/bin/debug
APEX:: Apex version 3.0.x, $Rev$
APEX:: Compiled with Qt version 4.8.1
APEX:: Running with Qt version 4.8.1
APEX:: The APEX 3 binaries use the Trolltech Qt framework available 
under the GNU General Public License (GPL version 2) on: 
http://www.trolltech.com. The APEX 3 source code and 
binaries are available under the GNU General Public License 
(GPL version 2) on http://www.kuleuven.be/exporl/apex.
Looking for apexconfig.xml in /home/jonas/.config/ExpORL/apexconfig.xml
Trying /home/jonas/apex
Trying /home/jonas
Trying /home
ApexControl:: Parsing apexconfig file /home/jonas/apex//data/config/apexconfig.xml
with schema /home/jonas/apex/data/schemas/apexconfig.xsd
Looking for apexconfig.xml in /home/jonas/.config/ExpORL/apexconfig.xml
Trying /home/jonas/apex
Trying /home/jonas
Trying /home
Instantiated Service Configuration
http://med.kuleuven.be/exporl/apex/3.0.2/config /home/jonas/apex/data/schemas/apexconfig.xsd
ApexControl:: Done
Configure done
Instantiated Service ApexControl
ApexControl:: Using filename given on the command line
Selecting File /home/jonas/apex/.build/test/to_test/general/scriptparameters.apx
Parsing Experiment
ApexControl:: Parsing /home/jonas/apex/.build/test/to_test/general/scriptparameters.apx
http://med.kuleuven.be/exporl/apex/3.0.2/experiment /home/jonas/apex/data/schemas/experiment.xsd
ExperimentParser: parsing...
ExperimentParser:: Processing general parameters
ExperimentParser:: Done
Parsing procedure
Script library: scriptparameters.js
Executing XML plugin script
=========== Evaluating getTrials ==================
("wd1-mono.wav", "wd1.wav", "wd2.wav", "wd3.wav", "wd4.wav", "wd5.wav", "wd6.wav", "wd7.wav") 
wd1-mono.wav
wd1.wav
wd2.wav
wd3.wav
wd4.wav
wd5.wav
wd6.wav
wd7.wav
========== end evaluation ==============
Parsing corrector
Parsing screens
ExperimentParser:: Parsing Screens
ExperimentParser:: Done
Parsing datablocks
Script library: scriptparameters.js
Executing XML plugin script
=========== Evaluating getDatablocks ==================
("wd1-mono.wav", "wd1.wav", "wd2.wav", "wd3.wav", "wd4.wav", "wd5.wav", "wd6.wav", "wd7.wav") 
wd1-mono.wav
wd1.wav
wd2.wav
wd3.wav
wd4.wav
wd5.wav
wd6.wav
wd7.wav
========== end evaluation ==============
Parsing devices
Parsing devices
ExperimentConfigFileParser:: Processing devices
ExperimentConfigFileParser:: Processing devices
Parsing filters
ExperimentParser:: Processing filters
ExperimentParser:: Done
Parsing stimuli
ExperimentParser:: Processing stimuli
Executing XML plugin script
=========== Evaluating getStimuli ==================
("wd1-mono.wav", "wd1.wav", "wd2.wav", "wd3.wav", "wd4.wav", "wd5.wav", "wd6.wav", "wd7.wav") 
wd1-mono.wav
wd1.wav
wd2.wav
wd3.wav
wd4.wav
wd5.wav
wd6.wav
wd7.wav
========== end evaluation ==============
Parsing general
ExperimentParser:: No answer was defined for trial trial_wd1-mono.wav. This is probably unwanted.
ExperimentParser:: No answer was defined for trial trial_wd1.wav. This is probably unwanted.
ExperimentParser:: No answer was defined for trial trial_wd2.wav. This is probably unwanted.
ExperimentParser:: No answer was defined for trial trial_wd3.wav. This is probably unwanted.
ExperimentParser:: No answer was defined for trial trial_wd4.wav. This is probably unwanted.
ExperimentParser:: No answer was defined for trial trial_wd5.wav. This is probably unwanted.
ExperimentParser:: No answer was defined for trial trial_wd6.wav. This is probably unwanted.
ExperimentParser:: No answer was defined for trial trial_wd7.wav. This is probably unwanted.
Pluginloader: scanning directory /home/jonas/apex/bin/debug
Instantiated Service PluginLoader
Pluginloader: scanning directory /home/jonas/apex/.build/test/to_test/general
APEX:: 0 Error
APEX:: 8 Warning(s)
ApexControl:: DONE
Enabling output recording
Making output devices
Card name: default, Driver name: portaudio
CreateSoundCard
PortAudioWrapper::PortAudioWrapper default
ALSA lib confmisc.c:1286:(snd_func_refer) Unable to find definition 'cards.CA0106.pcm.hdmi.0:CARD=0,AES0=4,AES1=130,AES2=0,AES3=2'
ALSA lib conf.c:4241:(_snd_config_evaluate) function snd_func_refer returned error: No such file or directory
ALSA lib conf.c:4720:(snd_config_expand) Evaluate error: No such file or directory
ALSA lib pcm.c:2217:(snd_pcm_open_noupdate) Unknown PCM hdmi
ALSA lib confmisc.c:1286:(snd_func_refer) Unable to find definition 'cards.CA0106.pcm.hdmi.0:CARD=0,AES0=4,AES1=130,AES2=0,AES3=2'
ALSA lib conf.c:4241:(_snd_config_evaluate) function snd_func_refer returned error: No such file or directory
ALSA lib conf.c:4720:(snd_config_expand) Evaluate error: No such file or directory
ALSA lib pcm.c:2217:(snd_pcm_open_noupdate) Unknown PCM hdmi
ALSA lib confmisc.c:1286:(snd_func_refer) Unable to find definition 'cards.CA0106.pcm.modem.0:CARD=0'
ALSA lib conf.c:4241:(_snd_config_evaluate) function snd_func_refer returned error: No such file or directory
ALSA lib conf.c:4720:(snd_config_expand) Evaluate error: No such file or directory
ALSA lib pcm.c:2217:(snd_pcm_open_noupdate) Unknown PCM cards.pcm.phoneline:CARD=0,DEV=0
ALSA lib confmisc.c:1286:(snd_func_refer) Unable to find definition 'cards.CA0106.pcm.modem.0:CARD=0'
ALSA lib conf.c:4241:(_snd_config_evaluate) function snd_func_refer returned error: No such file or directory
ALSA lib conf.c:4720:(snd_config_expand) Evaluate error: No such file or directory
ALSA lib pcm.c:2217:(snd_pcm_open_noupdate) Unknown PCM cards.pcm.phoneline:CARD=0,DEV=0
ALSA lib confmisc.c:1286:(snd_func_refer) Unable to find definition 'cards.CA0106.pcm.modem.0:CARD=0'
ALSA lib conf.c:4241:(_snd_config_evaluate) function snd_func_refer returned error: No such file or directory
ALSA lib conf.c:4720:(snd_config_expand) Evaluate error: No such file or directory
ALSA lib pcm.c:2217:(snd_pcm_open_noupdate) Unknown PCM phoneline
ALSA lib confmisc.c:1286:(snd_func_refer) Unable to find definition 'cards.CA0106.pcm.modem.0:CARD=0'
ALSA lib conf.c:4241:(_snd_config_evaluate) function snd_func_refer returned error: No such file or directory
ALSA lib conf.c:4720:(snd_config_expand) Evaluate error: No such file or directory
ALSA lib pcm.c:2217:(snd_pcm_open_noupdate) Unknown PCM phoneline
ALSA lib audio/pcm_bluetooth.c:1614:(audioservice_expect) BT_GET_CAPABILITIES failed : Input/output error(5)
ALSA lib audio/pcm_bluetooth.c:1614:(audioservice_expect) BT_GET_CAPABILITIES failed : Input/output error(5)
ALSA lib audio/pcm_bluetooth.c:1614:(audioservice_expect) BT_GET_CAPABILITIES failed : Input/output error(5)
ALSA lib audio/pcm_bluetooth.c:1614:(audioservice_expect) BT_GET_CAPABILITIES failed : Input/output error(5)
ALSA lib pcm_dmix.c:957:(snd_pcm_dmix_open) The dmix plugin supports only playback stream
getting device id for driver default
in: 20 out: 20
num of sample rates=9
num of sample rates=9
# channels: 2
max channels: 32
Using sound driver buffer size 4096
Internal sound buffer size: 40960 samples
WavDevice:: The buffersize specified in the experiment file could not be used.
Using the systems default buffersize.
Making control devices
Making datablocks
Making filters
Making filter filesink
Looking for filesink plugin
Making corrector
Connections:: While connecting all datablocks:
Connections:: Connection: datablock_wd1-mono.wav does not have enough outputchannels
Connections:: While connecting all datablocks:
Connections:: Connection: datablock_wd1-mono.wav does not have enough outputchannels
Wavdevice set gain of channel 0 to -50.000000
APEX:: 0 Error
APEX:: 3 Warning(s)
ApexControl:: DONE
Parse commandline done
Shown MainWindow
getting point size for text "button" 
apex::ApexModule:: Playing Stimulus stimulus_wd1-mono.wav
Automatically selecting button
***iAnswered
apex::ApexModule:: Playing Stimulus stimulus_wd1.wav
Automatically selecting button
***iAnswered
apex::ApexModule:: Playing Stimulus stimulus_wd2.wav
Automatically selecting button
***iAnswered
apex::ApexModule:: Playing Stimulus stimulus_wd3.wav
Automatically selecting button
***iAnswered
apex::ApexModule:: Playing Stimulus stimulus_wd4.wav
Automatically selecting button
***iAnswered
apex::ApexModule:: Playing Stimulus stimulus_wd5.wav
Automatically selecting button
***iAnswered
apex::ApexModule:: Playing Stimulus stimulus_wd6.wav
Automatically selecting button
***iAnswered
apex::ApexModule:: Playing Stimulus stimulus_wd7.wav
Automatically selecting button
***iAnswered
ApexResultSink::SaveAs(): m_filename=/home/jonas/apex/.build/test/to_test/general/scriptparameters-results.apr
Current path = /home/jonas/apex/.build/test/to_test/general
ApexControl:: Experiment Finished
APEX:: 
ExitAfter defined, exiting...
