Entered main
Instantiated Service Application
Instantiated Service ErrorHandler
Instantiated Service Application
Instantiated Service Paths
Qt Library paths:
/usr/lib/kde4/plugins
/usr/lib/i386-linux-gnu/qt4/plugins
/usr/lib/qt4/plugins
/home/tom/data/apex/bin/debug
APEX:: Apex version 3.0.x, $Rev$
APEX:: Compiled with Qt version 4.8.1
APEX:: Running with Qt version 4.8.1
APEX:: The APEX 3 binaries use the Trolltech Qt framework available 
under the GNU General Public License (GPL version 2) on: 
http://www.trolltech.com. The APEX 3 source code and 
binaries are available under the GNU General Public License 
(GPL version 2) on http://www.kuleuven.be/exporl/apex.
Looking for apexconfig.xml in /home/tom/.config/ExpORL/apexconfig.xml
Found
ApexControl:: Parsing apexconfig file /home/tom/.config/ExpORL/apexconfig.xml
with schema /home/tom/data/apex/data/schemas/apexconfig.xsd
Looking for apexconfig.xml in /home/tom/.config/ExpORL/apexconfig.xml
Found
Instantiated Service Configuration
http://med.kuleuven.be/exporl/apex/3.0.2/config /home/tom/data/apex/data/schemas/apexconfig.xsd
ApexControl:: Done
Configure done
Instantiated Service ApexControl
ApexControl:: Using filename given on the command line
Selecting File /home/tom/data/apex/.build/test/to_test/procedure/adaptive-1up-2down.apx
Parsing Experiment
ApexControl:: Parsing /home/tom/data/apex/.build/test/to_test/procedure/adaptive-1up-2down.apx
http://med.kuleuven.be/exporl/apex/3.0.2/experiment /home/tom/data/apex/data/schemas/experiment.xsd
ExperimentParser: parsing...
Parsing procedure
Parsing corrector
Parsing screens
ExperimentParser:: Parsing Screens
ExperimentParser:: Done
Parsing datablocks
Parsing devices
Parsing devices
ExperimentConfigFileParser:: Processing devices
ExperimentConfigFileParser:: Processing devices
Parsing stimuli
ExperimentParser:: Processing stimuli
Pluginloader: scanning directory /home/tom/data/apex/bin/debug
Instantiated Service PluginLoader
Pluginloader: scanning directory /home/tom/data/apex/.build/test/to_test/procedure
APEX:: 0 Error
APEX:: 0 Warning(s)
ApexControl:: DONE
Enabling output recording
Making output devices
Card name: default, Driver name: portaudio
CreateSoundCard
PortAudioWrapper::PortAudioWrapper default
ALSA lib pcm_dmix.c:1018:(snd_pcm_dmix_open) unable to open slave
ALSA lib confmisc.c:1286:(snd_func_refer) Unable to find definition 'cards.HDA-Intel.pcm.rear.0:CARD=0'
ALSA lib conf.c:4241:(_snd_config_evaluate) function snd_func_refer returned error: No such file or directory
ALSA lib conf.c:4720:(snd_config_expand) Evaluate error: No such file or directory
ALSA lib pcm.c:2217:(snd_pcm_open_noupdate) Unknown PCM rear
ALSA lib confmisc.c:1286:(snd_func_refer) Unable to find definition 'cards.HDA-Intel.pcm.center_lfe.0:CARD=0'
ALSA lib conf.c:4241:(_snd_config_evaluate) function snd_func_refer returned error: No such file or directory
ALSA lib conf.c:4720:(snd_config_expand) Evaluate error: No such file or directory
ALSA lib pcm.c:2217:(snd_pcm_open_noupdate) Unknown PCM center_lfe
ALSA lib confmisc.c:1286:(snd_func_refer) Unable to find definition 'cards.HDA-Intel.pcm.side.0:CARD=0'
ALSA lib conf.c:4241:(_snd_config_evaluate) function snd_func_refer returned error: No such file or directory
ALSA lib conf.c:4720:(snd_config_expand) Evaluate error: No such file or directory
ALSA lib pcm.c:2217:(snd_pcm_open_noupdate) Unknown PCM side
ALSA lib audio/pcm_bluetooth.c:1614:(audioservice_expect) BT_GET_CAPABILITIES failed : Input/output error(5)
ALSA lib audio/pcm_bluetooth.c:1614:(audioservice_expect) BT_GET_CAPABILITIES failed : Input/output error(5)
ALSA lib audio/pcm_bluetooth.c:1614:(audioservice_expect) BT_GET_CAPABILITIES failed : Input/output error(5)
ALSA lib audio/pcm_bluetooth.c:1614:(audioservice_expect) BT_GET_CAPABILITIES failed : Input/output error(5)
ALSA lib pcm_dmix.c:957:(snd_pcm_dmix_open) The dmix plugin supports only playback stream
ALSA lib pcm_dmix.c:1018:(snd_pcm_dmix_open) unable to open slave
getting device id for driver default
in: 10 out: 10
num of sample rates=9
num of sample rates=9
# channels: 1
max channels: 32
Using sound driver buffer size 4096
Internal sound buffer size: 40960 samples
WavDevice:: The buffersize specified in the experiment file could not be used.
Using the systems default buffersize.
Making control devices
Making datablocks
Making filters
Making filter filesink
Looking for filesink plugin
Making corrector
Wavdevice set gain of all channels to 0.000000
APEX:: 0 Error
APEX:: 1 Warning(s)
ApexControl:: DONE
Parse commandline done
Shown MainWindow
getting point size for text "correct" 
getting point size for text "false" 
Wavdevice set gain of all channels to -10.000000
apex::ApexModule:: Playing Stimulus stimulus1
Automatically selecting false
***iAnswered
Wavdevice set gain of all channels to -9.000000
apex::ApexModule:: Playing Stimulus stimulus1
Automatically selecting correct
***iAnswered
Wavdevice set gain of all channels to -9.000000
apex::ApexModule:: Playing Stimulus stimulus1
Automatically selecting false
***iAnswered
Wavdevice set gain of all channels to -8.000000
apex::ApexModule:: Playing Stimulus stimulus1
Automatically selecting false
***iAnswered
Wavdevice set gain of all channels to -7.000000
apex::ApexModule:: Playing Stimulus stimulus1
Automatically selecting false
***iAnswered
Wavdevice set gain of all channels to -6.000000
apex::ApexModule:: Playing Stimulus stimulus1
Automatically selecting correct
***iAnswered
Wavdevice set gain of all channels to -6.000000
apex::ApexModule:: Playing Stimulus stimulus1
Automatically selecting correct
***iAnswered
Wavdevice set gain of all channels to -7.000000
apex::ApexModule:: Playing Stimulus stimulus1
Automatically selecting false
***iAnswered
Wavdevice set gain of all channels to -6.000000
apex::ApexModule:: Playing Stimulus stimulus1
Automatically selecting false
***iAnswered
Wavdevice set gain of all channels to -5.000000
apex::ApexModule:: Playing Stimulus stimulus1
Automatically selecting false
***iAnswered
Wavdevice set gain of all channels to -4.000000
apex::ApexModule:: Playing Stimulus stimulus1
Automatically selecting correct
***iAnswered
Wavdevice set gain of all channels to -4.000000
apex::ApexModule:: Playing Stimulus stimulus1
Automatically selecting correct
***iAnswered
Wavdevice set gain of all channels to -5.000000
apex::ApexModule:: Playing Stimulus stimulus1
Automatically selecting correct
***iAnswered
Wavdevice set gain of all channels to -5.000000
apex::ApexModule:: Playing Stimulus stimulus1
Automatically selecting correct
***iAnswered
Wavdevice set gain of all channels to -6.000000
apex::ApexModule:: Playing Stimulus stimulus1
Automatically selecting false
***iAnswered
ApexResultSink::SaveAs(): m_filename=/home/tom/data/apex/.build/test/to_test/procedure/adaptive-1up-2down-results.apr
Current path = /home/tom/data/apex/.build/test/to_test/procedure
ApexControl:: Experiment Finished
APEX:: 
ExitAfter defined, exiting...
