Entered main
Instantiated Service Application
Instantiated Service ErrorHandler
Instantiated Service Application
Instantiated Service Paths
Qt Library paths:
/usr/lib/kde4/plugins
/usr/lib/i386-linux-gnu/qt4/plugins
/usr/lib/qt4/plugins
/home/tom/data/apex/bin/debug
APEX:: Apex version 3.0.x, $Rev$
APEX:: Compiled with Qt version 4.8.1
APEX:: Running with Qt version 4.8.1
APEX:: The APEX 3 binaries use the Trolltech Qt framework available 
under the GNU General Public License (GPL version 2) on: 
http://www.trolltech.com. The APEX 3 source code and 
binaries are available under the GNU General Public License 
(GPL version 2) on http://www.kuleuven.be/exporl/apex.
Looking for apexconfig.xml in /home/tom/.config/ExpORL/apexconfig.xml
Found
ApexControl:: Parsing apexconfig file /home/tom/.config/ExpORL/apexconfig.xml
with schema /home/tom/data/apex/data/schemas/apexconfig.xsd
Looking for apexconfig.xml in /home/tom/.config/ExpORL/apexconfig.xml
Found
Instantiated Service Configuration
http://med.kuleuven.be/exporl/apex/3.0.2/config /home/tom/data/apex/data/schemas/apexconfig.xsd
ApexControl:: Done
Configure done
Instantiated Service ApexControl
ApexControl:: Using filename given on the command line
Selecting File /home/tom/data/apex/.build/test/to_test/procedure/multistandard-unique.xml
Parsing Experiment
ApexControl:: Parsing /home/tom/data/apex/.build/test/to_test/procedure/multistandard-unique.xml
http://med.kuleuven.be/exporl/apex/3.0.2/experiment /home/tom/data/apex/data/schemas/experiment.xsd
ExperimentParser: parsing...
Parsing procedure
Parsing corrector
Parsing screens
ExperimentParser:: Parsing Screens
ExperimentParser:: Done
Parsing datablocks
Parsing devices
Parsing devices
ExperimentConfigFileParser:: Processing devices
Setting buffer size to 512
ExperimentConfigFileParser:: Processing devices
Parsing filters
ExperimentParser:: Processing filters
ExperimentParser:: Done
Parsing stimuli
ExperimentParser:: Processing stimuli
Parsing connections
ExperimentParser:: Processing Connections
ExperimentParser:: Done
Returning random standard #0
Pluginloader: scanning directory /home/tom/data/apex/bin/debug
Instantiated Service PluginLoader
Pluginloader: scanning directory /home/tom/data/apex/.build/test/to_test/procedure
APEX:: 0 Error
APEX:: 0 Warning(s)
ApexControl:: DONE
Enabling output recording
Making output devices
Card name: default, Driver name: portaudio
CreateSoundCard
PortAudioWrapper::PortAudioWrapper default
ALSA lib pcm_dmix.c:1018:(snd_pcm_dmix_open) unable to open slave
ALSA lib confmisc.c:1286:(snd_func_refer) Unable to find definition 'cards.HDA-Intel.pcm.rear.0:CARD=0'
ALSA lib conf.c:4241:(_snd_config_evaluate) function snd_func_refer returned error: No such file or directory
ALSA lib conf.c:4720:(snd_config_expand) Evaluate error: No such file or directory
ALSA lib pcm.c:2217:(snd_pcm_open_noupdate) Unknown PCM rear
ALSA lib confmisc.c:1286:(snd_func_refer) Unable to find definition 'cards.HDA-Intel.pcm.center_lfe.0:CARD=0'
ALSA lib conf.c:4241:(_snd_config_evaluate) function snd_func_refer returned error: No such file or directory
ALSA lib conf.c:4720:(snd_config_expand) Evaluate error: No such file or directory
ALSA lib pcm.c:2217:(snd_pcm_open_noupdate) Unknown PCM center_lfe
ALSA lib confmisc.c:1286:(snd_func_refer) Unable to find definition 'cards.HDA-Intel.pcm.side.0:CARD=0'
ALSA lib conf.c:4241:(_snd_config_evaluate) function snd_func_refer returned error: No such file or directory
ALSA lib conf.c:4720:(snd_config_expand) Evaluate error: No such file or directory
ALSA lib pcm.c:2217:(snd_pcm_open_noupdate) Unknown PCM side
ALSA lib audio/pcm_bluetooth.c:1614:(audioservice_expect) BT_GET_CAPABILITIES failed : Input/output error(5)
ALSA lib audio/pcm_bluetooth.c:1614:(audioservice_expect) BT_GET_CAPABILITIES failed : Input/output error(5)
ALSA lib audio/pcm_bluetooth.c:1614:(audioservice_expect) BT_GET_CAPABILITIES failed : Input/output error(5)
ALSA lib audio/pcm_bluetooth.c:1614:(audioservice_expect) BT_GET_CAPABILITIES failed : Input/output error(5)
ALSA lib pcm_dmix.c:957:(snd_pcm_dmix_open) The dmix plugin supports only playback stream
ALSA lib pcm_dmix.c:1018:(snd_pcm_dmix_open) unable to open slave
getting device id for driver default
in: 10 out: 10
num of sample rates=9
num of sample rates=9
# channels: 2
max channels: 32
Using sound driver buffer size 512
Internal sound buffer size: 40960 samples
Making control devices
Making datablocks
Making filters
Making filter filesink
Looking for filesink plugin
Making corrector
Wavdevice set gain of all channels to 0.000000
APEX:: 0 Error
APEX:: 0 Warning(s)
ApexControl:: DONE
Parse commandline done
Shown MainWindow
Returning random standard #1
Returning 0 standards with correct fixed parameter
No standards found with correct fixed parameter, returning all
Using standard stimulus2
Using standard stimulus1
Using standard stimulus4
Using standard stimulus3
getting point size for text "1" 
getting point size for text "2" 
getting point size for text "3" 
getting point size for text "4" 
getting point size for text "5" 
apex::ApexModule:: Playing Stimulus standard1
apex::ApexModule:: Playing Stimulus stimulus2
apex::ApexModule:: Playing Stimulus stimulus1
apex::ApexModule:: Playing Stimulus stimulus4
apex::ApexModule:: Playing Stimulus stimulus3
Automatically selecting button4
***iAnswered
Returning 0 standards with correct fixed parameter
No standards found with correct fixed parameter, returning all
Error: can't create unique standardlist because the number of standards is to small in trial trial2
Returning 0 standards with correct fixed parameter
No standards found with correct fixed parameter, returning all
Returning 0 standards with correct fixed parameter
No standards found with correct fixed parameter, returning all
Returning 0 standards with correct fixed parameter
No standards found with correct fixed parameter, returning all
Returning 0 standards with correct fixed parameter
No standards found with correct fixed parameter, returning all
apex::ApexModule:: Playing Stimulus standard1
apex::ApexModule:: Playing Stimulus stimulus2
apex::ApexModule:: Playing Stimulus standard1
apex::ApexModule:: Playing Stimulus standard1
apex::ApexModule:: Playing Stimulus standard1
Automatically selecting button2
***iAnswered
Returning random standard #3
Returning 0 standards with correct fixed parameter
No standards found with correct fixed parameter, returning all
Using standard stimulus2
Using standard stimulus3
Using standard stimulus1
Using standard stimulus5
apex::ApexModule:: Playing Stimulus stimulus2
apex::ApexModule:: Playing Stimulus stimulus3
apex::ApexModule:: Playing Stimulus stimulus1
ALSA lib pcm.c:7339:(snd_pcm_recover) underrun occurred
apex::ApexModule:: Playing Stimulus standard1
apex::ApexModule:: Playing Stimulus stimulus5
Automatically selecting button4
***iAnswered
Returning 0 standards with correct fixed parameter
No standards found with correct fixed parameter, returning all
Error: can't create unique standardlist because the number of standards is to small in trial trial2
Returning 0 standards with correct fixed parameter
No standards found with correct fixed parameter, returning all
Returning 0 standards with correct fixed parameter
No standards found with correct fixed parameter, returning all
Returning 0 standards with correct fixed parameter
No standards found with correct fixed parameter, returning all
Returning 0 standards with correct fixed parameter
No standards found with correct fixed parameter, returning all
apex::ApexModule:: Playing Stimulus standard1
apex::ApexModule:: Playing Stimulus standard1
apex::ApexModule:: Playing Stimulus standard1
apex::ApexModule:: Playing Stimulus standard1
apex::ApexModule:: Playing Stimulus stimulus2
Automatically selecting button3
***iAnswered
ApexResultSink::SaveAs(): m_filename=/home/tom/data/apex/.build/test/to_test/procedure/multistandard-unique-results.apr
Current path = /home/tom/data/apex/.build/test/to_test/procedure
ApexControl:: Experiment Finished
APEX:: 
ExitAfter defined, exiting...
